** script
https://s3.eu-west-1.amazonaws.com/production-klarna-il-shopify-osm/cf16d4fd57b31228611f3dddf619cc82993cf63f/loversonline.myshopify.com-1721718005991.js?shop=loversonline.myshopify.com
https://gcb-app.herokuapp.com/get_script/da395beaef6211eda6c3167650d7df68.js?v=158533&shop=loversonline.myshopify.com
https://cdn.attn.tv/loversstores/dtag.js?shop=loversonline.myshopify.com
https://analytics.getshogun.com/collector.js?shop=loversonline.myshopify.com
https://seo.apps.avada.io/avada-seo-installed.js?shop=loversonline.myshopify.com
https://static.klaviyo.com/onsite/js/klaviyo.js?company_id=Spi9ry&shop=loversonline.myshopify.com
https://cdn.shopify.com/s/files/1/0279/8531/3927/t/11/assets/zendesk-embeddable.js?v=1600813151&shop=loversonline.myshopify.com
https://orderstatus.w3apps.co/js/orderlookup.js?shop=loversonline.myshopify.com
https://cdn-loyalty.yotpo.com/loader/TAVIaWblwyySwhFZf3MXDQ.js?shop=loversonline.myshopify.com
https://assets.smartwishlist.webmarked.net/static/v6/smartwishlist.js?shop=loversonline.myshopify.com
https://www.googletagmanager.com/gtag/destination?id=MC-NFFNL1TV3M&l=dataLayer&cx=c
https://www.googletagmanager.com/gtag/destination?id=AW-967755771&l=dataLayer&cx=c
https://www.google-analytics.com/plugins/ua/ec.js
https://www.googletagmanager.com/gtag/js?id=G-8F2GYBPFEJ&l=dataLayer&cx=c
https://www.google-analytics.com/analytics.js
https://rules.quantcount.com/rules-p-TFMtwZUuBByKL.js
https://www.google-analytics.com/analytics.js
https://ccc6e59a305a.cdn4.forter.com/sn/ccc6e59a305a/script.js
https://secure.quantserve.com/quant.js
//loversstores.com/cdn/s/trekkie.storefront.a1ad2ab43a5932ff96084a0e2e69f51ba73ddbec.min.js
https://tags.srv.stackadapt.com/events.js
https://secure.quantserve.com/quant.js
https://www.googletagmanager.com/gtm.js?id=GTM-MJH253G
https://cdn-widgetsrepository.yotpo.com/v1/loader/TAVIaWblwyySwhFZf3MXDQ
//staticw2.yotpo.com/9sQt5U66hrQG3sSCB8Z4EstUkPun8P5z1YRy7Ih6/widget.js
https://onsite.joinground.com/ground.js
https://www.googleoptimize.com/optimize.js?id=OPT-MT7WWS7
/checkouts/internal/preloads.js?locale=en-US
https://shop.app/checkouts/internal/preloads.js?locale=en-US&shop_id=27985313927
//loversstores.com/cdn/shopifycloud/shopify/assets/storefront/load_feature-9f951eb7d8d53973c719de211f807d63af81c644e5b9a6ae72661ac408d472f6.js
//loversstores.com/cdn/shopifycloud/shopify/assets/shopify_pay/storefront-80e528be853eac23af2454534897ca9536b1d3d04aa043b042f34879a3c111c8.js?v=20220906
//loversstores.com/cdn/shopifycloud/shopify/assets/storefront/features-1c0b396bd4d054b94abae1eb6a1bd6ba47beb35525c57a217c77a862ff06d83f.js
//loversstores.com/cdn/shop/t/237/assets/lazysizes.min.js?v=174358363404432586981706827998
//ajax.googleapis.com/ajax/libs/jquery/3.1.1/jquery.min.js
//loversstores.com/cdn/shop/t/237/assets/modernizr.min.js?v=11689283637850017101706828004
https://177657.t.hyros.com/v1/lst/universal-script?ph=31226dd00641d6718a89296035975489f78c8c844c95753b51d0174ac252c4a7&tag=!clicked&origin=SHOPIFY
https://loversstores.com/cdn/wpm/b0bfd3999w8a9142d8pdfaacbf8m94fbe030m.js
//loversstores.com/cdn/shopifycloud/shopify/assets/shop_events_listener-61fa9e0a912c675e178777d2b27f6cbd482f8912a6b0aa31fa3515985a8cd626.js
https://acsbapp.com/apps/app/dist/js/app.js
https://cdn.shopify.com/shopifycloud/consent-tracking-api/v0.1/consent-tracking-api.js
https://cdn-widgetsrepository.yotpo.com/widget-assets/yotpo-pixel/2024-04-18_14-53-12/bundle.js
https://cdn-widgetsrepository.yotpo.com/widget-assets/widgets-initializer/app.v0.9.2-6545.js
//cdn-swell-assets.yotpo.com/app.v1.0.368.js
https://tag.wknd.ai/4621/i.js
//t.contentsquare.net/uxa/cea3d72c3d230.js
https://cdn-widget-assets.yotpo.com/widget-loyalty-floater/app.v0.31.2-4403.js
https://www.googleadservices.com/pagead/conversion/967755771/?random=1721952746731&cv=11&fst=1721952746731&bg=ffffff&guid=ON&async=1&gtm=45be47o0v9178896440za200zb890112570&gcs=G111&gcd=13t3t3t3t5&dma=0&tag_exp=95250752&u_w=1200&u_h=1100&url=https%3A%2F%2Floversstores.com%2F&label=tn8nCJngg-0BEPuPu80D&tiba=Lovers%20Stores%3A%20Buy%20Sex%20Toys%2C%20Lingerie%2C%20Adult%20Wellness%20Products%20%E2%80%93%20loversstores.com&hn=www.googleadservices.com&frm=0&gtm_ee=1&npa=0&pscdl=noapi&auid=1383207695.1721952747&uaa=x86&uab=64&uafvl=Not%252FA)Brand%3B8.0.0.0%7CChromium%3B126.0.6478.182%7CHeadlessChrome%3B126.0.6478.182&uamb=0&uam=&uap=Windows&uapv=10.0.0&uaw=0&ec_mode=a&fdr=QA&capi=1&data=event%3Dpage_view%3Bpage_path%3D%2F&em=tv.1&rfmt=3&fmt=4
 https://static-tracking.klaviyo.com/onsite/js/fender_analytics.f692ee00c71150d7db91.js?cb=1
 https://static-tracking.klaviyo.com/onsite/js/static.500134348b1f0969ffe3.js?cb=1
https://static.klaviyo.com/onsite/js/runtime.84f3dd1c29fdca8d729c.js?cb=1
https://static.klaviyo.com/onsite/js/sharedUtils.f878112ed94c24b8c2fc.js?cb=1
//ajax.googleapis.com/ajax/libs/jquery/1.9.1/jquery.min.js
https://cdn.attn.tv/tag/4-latest/unified-tag.js?v=4-latest_92cb0dc454
https://cdn.attn.tv/growth-tag-assets/client-configs/zME.js
https://js.klarna.com/web-sdk/v1/klarna.js
//loversstores.com/cdn/shop/t/237/assets/theme.js?v=154448197497037358061706827997
//loversstores.com/cdn/shop/t/237/assets/main.js?v=142262411893691936781706828003
//loversstores.com/cdn/shop/t/237/assets/googleanalyticsevents.js?v=29522629595728748861706828002
https://www.dwin1.com/19038.js
https://cdn-widgetsrepository.yotpo.com/v1/loader/TAVIaWblwyySwhFZf3MXDQ
https://cdn.jsdelivr.net/npm/promise-polyfill@8/dist/polyfill.min.js
https://cdnjs.cloudflare.com/ajax/libs/moment.js/2.20.1/moment.min.js
//loversstores.com/cdn/shop/t/237/assets/genie-storepickup-vender.js?v=124332523621580061061706828003
//loversstores.com/cdn/shop/t/237/assets/genie-storepickup.js?v=19558874060060633171706828004
https://cdn-widgetsrepository.yotpo.com/v1/loader/TAVIaWblwyySwhFZf3MXDQ
https://cdn-loyalty.yotpo.com/loader/TAVIaWblwyySwhFZf3MXDQ.js?shop=loversstores.com
https://loversstores.com/cdn/shopifycloud/perf-kit/shopify-perf-kit-unstable.min.js
//loversstores.com/cdn/shop/t/237/assets/libs.js?v=10339302905020763181706828003
//loversstores.com/cdn/shop/t/237/assets/script.js?v=129485167863144245831706828019
//loversstores.com/cdn/shop/t/237/assets/custom_js.js?v=62509339612721719131706827998
//loversstores.com/cdn/shop/t/237/assets/boost-pfs-core-instant-search.js?v=113508375701769393591706827997
//loversstores.com/cdn/shop/t/237/assets/boost-pfs-instant-search.js?v=135319118966792833931706828004
//loversstores.com/cdn/shop/t/237/assets/boost-pfs-init.js?v=172759782029916137151706827997
https://static.zdassets.com/ekr/snippet.js?key=8c292326-6a8a-4da2-a4bb-0cd9a32f835a
https://loversstores.com/cdn/shopifycloud/boomerang/shopify-boomerang-1.0.0.min.js
https://cdn-widgetsrepository.yotpo.com/v1/loader/TAVIaWblwyySwhFZf3MXDQ
//534000433.collect.igodigital.com/collect.js
https://www.googletagmanager.com/gtag/js?id=G-8F2GYBPFEJ
** img
//loversstores.com/cdn/shop/files/loversfinal_450x.png?v=1678400192
//loversstores.com/cdn/shop/files/LOVERS_PL_300x295.jpg?v=1719526516
//loversstores.com/cdn/shop/files/clearance-block_300x295.jpg?v=1719527587
//loversstores.com/cdn/shop/files/Desktop_-_20__Off_Glass_Toys_1300x875.progressive.jpg?v=1719524199
//loversstores.com/cdn/shop/files/Brands_you_Love-Desktop_1300x875.progressive.jpg?v=1721676162
//loversstores.com/cdn/shop/files/Desktop_-_Let_s_Get_Wet_1300x875.progressive.jpg?v=1719524143
//loversstores.com/cdn/shop/files/Desktop_-_20__Off_Glass_Toys_1300x875.progressive.jpg?v=1719524199
//loversstores.com/cdn/shop/files/Brands_you_Love-Desktop_1300x875.progressive.jpg?v=1721676162
//loversstores.com/cdn/shop/files/shipping_160x160_crop_center.png?v=1678470598
//loversstores.com/cdn/shop/files/gift_160x160_crop_center.png?v=1678470584
//loversstores.com/cdn/shop/files/crown_160x160_crop_center.png?v=1678470569
** img
//loversstores.com/cdn/shop/files/Desktop_-_20__Off_Glass_Toys.progressive.jpg?v=1719524199 650w, //loversstores.com/cdn/shop/files/Desktop_-_20__Off_Glass_Toys.progressive.jpg?v=1719524199 1300w
//loversstores.com/cdn/shop/files/Brands_you_Love-Desktop.progressive.jpg?v=1721676162 650w, //loversstores.com/cdn/shop/files/Brands_you_Love-Desktop.progressive.jpg?v=1721676162 1300w
//loversstores.com/cdn/shop/files/Desktop_-_Let_s_Get_Wet.progressive.jpg?v=1719524143 650w, //loversstores.com/cdn/shop/files/Desktop_-_Let_s_Get_Wet.progressive.jpg?v=1719524143 1300w
//loversstores.com/cdn/shop/files/Desktop_-_20__Off_Glass_Toys.progressive.jpg?v=1719524199 650w, //loversstores.com/cdn/shop/files/Desktop_-_20__Off_Glass_Toys.progressive.jpg?v=1719524199 1300w
//loversstores.com/cdn/shop/files/Brands_you_Love-Desktop.progressive.jpg?v=1721676162 650w, //loversstores.com/cdn/shop/files/Brands_you_Love-Desktop.progressive.jpg?v=1721676162 1300w
//loversstores.com/cdn/shop/files/Zero_Tolerance_Stroking_Buddy_Thrusting_Stroker_Front_600x.jpg?v=1718316171 600w
//loversstores.com/cdn/shop/files/Cal_Exotics_Silicone_Prostate_Kit_600x.jpg?v=1718314401 600w
//loversstores.com/cdn/shop/files/SVAKOM_Sam_Neo_2_Masturbator_600x.jpg?v=1721086613 600w
//loversstores.com/cdn/shop/files/Aneros_Psy_Adjustable_Prostate_Stimulator_600x.jpg?v=1721163700 600w
//loversstores.com/cdn/shop/files/Aneros_MGX_Syn_Trident_Prostate_Massager_600x.jpg?v=1721240372 600w
//loversstores.com/cdn/shop/files/Aneros_Helix_Syn_Trident_Prostate_Massager_600x.jpg?v=1721238668 600w
//loversstores.com/cdn/shop/files/Dream_Toys_Startroopers_Voyager_Remote_Controlled_Beaded_Prostate_Massager_600x.jpg?v=1721244296 600w
//loversstores.com/cdn/shop/files/Startroopers_Atomic_Remote_Controlled_Prostate_Massager_600x.jpg?v=1721242497 600w
//loversstores.com/cdn/shop/files/SVAKOM_Sam_Neo_2_Masturbator_600x.jpg?v=1721086613 600w
//loversstores.com/cdn/shop/files/Aneros_Psy_Adjustable_Prostate_Stimulator_600x.jpg?v=1721163700 600w
//loversstores.com/cdn/shop/files/Aneros_MGX_Syn_Trident_Prostate_Massager_600x.jpg?v=1721240372 600w
** link
https://loversstores.com/
//loversstores.com/cdn/shop/files/Favicon_32x32.png?v=1678834583
//staticw2.yotpo.com/9sQt5U66hrQG3sSCB8Z4EstUkPun8P5z1YRy7Ih6/widget.css?widget_version=2022-10-31_10-11-02
https://tags.srv.stackadapt.com/sa.css
https://cdn-widget-assets.yotpo.com/LoyaltyFloaterWidget/TAVIaWblwyySwhFZf3MXDQ/css-overrides/css-overrides.2023_10_27_19_59_15_620.css
//fonts.googleapis.com/css?family=Open Sans:300,400,700,bold,normal
https://cdn.shopify.com/shopifycloud/checkout-web/assets/
https://cdn.shopify.com/shopifycloud/checkout-web/assets/runtime.latest.en.d62c949745f45b994ec8.js
https://cdn.shopify.com/shopifycloud/checkout-web/assets/871.latest.en.7b025966bed0ec0dd9c5.js
https://assets.smartwishlist.webmarked.net/static/v6/css/smartwishlist.min.css?20200409
//maxcdn.bootstrapcdn.com/font-awesome/4.6.3/css/font-awesome.min.css
https://cdn.shopify.com/shopifycloud/checkout-web/assets/9182.latest.en.c7d9eb3aa58c3576a170.js
https://cdn.shopify.com/shopifycloud/checkout-web/assets/4085.latest.en.038fd3ba3e4f54208a8b.js
https://cdn.shopify.com/shopifycloud/checkout-web/assets/app.latest.en.94800985b972f4d19bf9.js
https://cdn.shopify.com/shopifycloud/checkout-web/assets/2542.latest.en.e8b98a9ed829efc0c730.js
https://cdn.shopify.com/shopifycloud/checkout-web/assets/4533.latest.en.f241d260a04b4c2faa7e.js
https://cdn.shopify.com/shopifycloud/checkout-web/assets/2080.latest.en.5117e670600bcaf49bb5.js
https://cdn.shopify.com/shopifycloud/checkout-web/assets/5767.latest.en.56b98ca7661c659d6b1c.js
https://cdn.shopify.com/shopifycloud/checkout-web/assets/9649.latest.en.b20cd87a2cb9644d3694.js
https://cdn.shopify.com/shopifycloud/checkout-web/assets/5718.latest.en.3347cb8f80679599ed97.js
https://cdn.shopify.com/shopifycloud/checkout-web/assets/2714.latest.en.6d1da9beed9e9fb7ab5a.js
https://cdn.shopify.com/shopifycloud/checkout-web/assets/668.latest.en.332e8caea1fbb1d7cf48.js
https://cdn.shopify.com/shopifycloud/checkout-web/assets/OnePage.latest.en.bb81267c311258e3bd3a.js
https://cdn.shopify.com/shopifycloud/checkout-web/assets/871.latest.en.de22b83672b7fe512099.css
//loversstores.com/cdn/shop/t/237/assets/theme.scss.css?v=60437297349736074741712947852
//loversstores.com/cdn/shop/t/237/assets/theme.css?v=39227523629820976301706828002
//loversstores.com/cdn/shop/t/237/assets/custom.scss.css?v=167129139429843588481706828001
//loversstores.com/cdn/shop/t/237/assets/main.min.css?v=47599513240174125621706828003
//loversstores.com/cdn/shop/t/237/assets/boost-pfs-instant-search.css?v=65903503244102466071706828002
//loversstores.com/cdn/shop/t/237/assets/boost-pfs.scss.css?v=100068784881867827081706828002
//loversstores.com/cdn/shop/t/237/assets/boost-pfs-custom.css?v=165986676845113848701706828002
https://fonts.googleapis.com
https://fonts.gstatic.com
https://fonts.googleapis.com/css2?family=Roboto:wght@400;500&display=swap
https://maxcdn.bootstrapcdn.com/font-awesome/4.6.1/css/font-awesome.min.css
//loversstores.com/cdn/shop/t/237/assets/genie-storepickup.css?v=58047785046117751311706827997
//loversstores.com/cdn/shop/t/237/assets/genie-storepickup-custom.css?v=111603181540343972631706828002
https://monorail-edge.shopifysvc.com
https://loversstores.com/cdn/shopifycloud/boomerang/shopify-boomerang-1.0.0.min.js
** a
https://accessibe.com/blog/knowledgebase/screen-reader-guide
/collections/brands-we-love-sex-toy-sale
javascript:void(0);
/a/wishlist
/
javascript:void(0);
/collections/sex-toys
/collections/sex-toys
/collections/see-whats-new
/collections/best-sellers
/collections/vibrators
/collections/dildos
/collections/anal
/collections/couples-1
/collections/bdsm
/collections/penis-sex-toys
/collections/cock-rings
/collections/masturbators
/collections/strap-ons-and-harness-wear
/collections/playboy-pleasure-sex-toys
/collections/lovers-exclusive-products
/collections/sex-furniture
/collections/lingerie
/collections/sale
/collections/vibrators
/collections/vibrators
/collections/pulsators
/collections/bullets
/collections/g-spot
/collections/rabbit-vibrators
/collections/thrusters
/collections/wands-attachments
/collections/vibrators-remote
/collections/vibrators-app-controlled
/collections/sexual-health
/collections/sexual-health
/collections/kegel
/collections/prostate
/collections/gender-affirmation
/collections/condoms
/collections/toy-cleaners
/collections/sensitizers
/collections/performance-enhancers
/collections/desensitizers
/collections/bath-and-body
/collections/massage
/collections/lingerie
/collections/lingerie
/collections/accessories
/collections/dancer-wear
/collections/roleplay
/collections/mens
/collections/lube
/collections/lube
/collections/water-based
/collections/silicone-lube
/collections/hybrid-lube
/collections/flavored-lube
/collections/oil-based-lube
/collections/anal-lube
/collections/gifts
/collections/gifts
/products/sex-chocolates
/collections/bridal-lingerie-sex-toys
/collections/bachelorette
/collections/sexy-games
/collections/sexy-books
/collections/sale
https://locations.loversstores.com/
https://loversstores.com/blogs/blog
https://loversstores.com/blogs/blog
https://loversstores.com/blogs/blog/tagged/beginner-friendly
https://loversstores.com/blogs/blog/tagged/education
https://loversstores.com/blogs/blog/tagged/relationships
https://loversstores.com/blogs/blog/tagged/lifestyle
https://loversstores.com/blogs/blog/tagged/reviews
https://loversstores.com/pages/rewards
/a/wishlist
https://locations.loversstores.com/
javascript:void(0);
/a/wishlist
/account
/cart
/collections/glass-sex-toys-sale
/collections/brands-we-love-sex-toy-sale
/collections/waterproof-toys
/collections/glass-sex-toys-sale
/collections/brands-we-love-sex-toy-sale
/collections/see-whats-new
/products/svakom-aylin-pulsating-rabbit-vibrator
/collections/all?pf_pt_product_type=Rabbit
/products/svakom-aylin-pulsating-rabbit-vibrator
/products/stroking-buddy-thrusting-stroker
/collections/all?pf_pt_product_type=Stroker
/products/stroking-buddy-thrusting-stroker
/products/silicone-prostate-kit
/collections/all?pf_pt_product_type=Prostate+Stimulator
/products/silicone-prostate-kit
/products/svakom-sam-neo-2-masturbator
/collections/all?pf_pt_product_type=Stroker
/products/svakom-sam-neo-2-masturbator
/products/aneros-psy-adjustable-prostate-stimulator
/collections/all?pf_pt_product_type=Prostate+Stimulator
/products/aneros-psy-adjustable-prostate-stimulator
/products/aneros-mgx-syn-trident-prostate-massager
/collections/all?pf_pt_product_type=Prostate+Stimulator
/products/aneros-mgx-syn-trident-prostate-massager
/products/aneros-helix-syn-trident-prostate-massager
/collections/all?pf_pt_product_type=Prostate+Stimulator
/products/aneros-helix-syn-trident-prostate-massager
/products/startroopers-voyager-remote-controlled-beaded-prostate-massager
/collections/all?pf_pt_product_type=Prostate+Stimulator
/products/startroopers-voyager-remote-controlled-beaded-prostate-massager
/products/startroopers-atomic-remote-controlled-prostate-massager
/collections/all?pf_pt_product_type=Prostate+Stimulator
/products/startroopers-atomic-remote-controlled-prostate-massager
/products/startroopers-milky-way-vibrating-anal-training-kit
/collections/all?pf_pt_product_type=Butt+Plug
/products/startroopers-milky-way-vibrating-anal-training-kit
/products/b-vibe-butties-bounce-beaded-anal-plug
/collections/all?pf_pt_product_type=Butt+Plug
/products/b-vibe-butties-bounce-beaded-anal-plug
/products/b-vibe-rocker-weighted-prostate-plug
/collections/all?pf_pt_product_type=Prostate+Stimulator
/products/b-vibe-rocker-weighted-prostate-plug
/products/b-vibe-stainless-steel-anal-beads
/collections/all?pf_pt_product_type=Anal+Beads
/products/b-vibe-stainless-steel-anal-beads
/products/b-vibe-butties-hither-prostate-plug
/collections/all?pf_pt_product_type=Butt+Plug
/products/b-vibe-butties-hither-prostate-plug
/products/b-vibe-butties-bulb-prostate-plug
/collections/all?pf_pt_product_type=Butt+Plug
/products/b-vibe-butties-bulb-prostate-plug
/products/b-vibe-stainless-steel-prostate-training-set
/collections/all?pf_pt_product_type=Prostate+Stimulator
/products/b-vibe-stainless-steel-prostate-training-set
/products/cheeky-gems-silicone-anal-training-set
/collections/all?pf_pt_product_type=Butt+Plug
/products/cheeky-gems-silicone-anal-training-set
/products/cheeky-medium-swirl-tie-dye-butt-plug
/collections/all?pf_pt_product_type=Butt+Plug
/products/cheeky-medium-swirl-tie-dye-butt-plug
/products/svakom-aylin-pulsating-rabbit-vibrator
/collections/all?pf_pt_product_type=Rabbit
/products/svakom-aylin-pulsating-rabbit-vibrator
/products/stroking-buddy-thrusting-stroker
/collections/all?pf_pt_product_type=Stroker
/products/stroking-buddy-thrusting-stroker
/products/silicone-prostate-kit
/collections/all?pf_pt_product_type=Prostate+Stimulator
/products/silicone-prostate-kit
/products/svakom-sam-neo-2-masturbator
/collections/all?pf_pt_product_type=Stroker
/products/svakom-sam-neo-2-masturbator
/products/aneros-psy-adjustable-prostate-stimulator
/collections/all?pf_pt_product_type=Prostate+Stimulator
/products/aneros-psy-adjustable-prostate-stimulator
/products/aneros-mgx-syn-trident-prostate-massager
/collections/all?pf_pt_product_type=Prostate+Stimulator
/products/aneros-mgx-syn-trident-prostate-massager
/collections/sex-toys
/collections/sex-toys-under-45
/collections/sex-toys-under-75
/collections/sex-toys-under-100
/collections/cock-rings
/collections/masturbators
/collections/anal
/collections/best-sellers
/products/liberator-black-label-wedge
/collections/all?pf_pt_product_type=Sex+Furniture
/products/liberator-black-label-wedge
javascript:void(0)
/products/ev-bunny-buddy-dual-vibe-blue
/collections/all?pf_pt_product_type=Rabbit
/products/ev-bunny-buddy-dual-vibe-blue
javascript:void(0)
/products/lovers-anal-plug-training-set
/collections/all?pf_pt_product_type=Butt+Plug
/products/lovers-anal-plug-training-set
javascript:void(0)
/products/inya-rose-recharge-vibe
/collections/all?pf_pt_product_type=Air+Pulsator
/products/inya-rose-recharge-vibe
javascript:void(0)
/products/the-male-rose-pro-stroker
/collections/all?pf_pt_product_type=Stroker
/products/the-male-rose-pro-stroker
javascript:void(0)
/products/we-vibe-chorus
/collections/all?pf_pt_product_type=Couples+Vibrator
/products/we-vibe-chorus
javascript:void(0)
/products/fn-snail-vibe-purple
/collections/all?pf_pt_product_type=Rabbit
/products/fn-snail-vibe-purple
javascript:void(0)
/products/svakom-sam-neo
/collections/all?pf_pt_product_type=Stroker
/products/svakom-sam-neo
javascript:void(0)
/products/magic-wand-rechargeable
/collections/all?pf_pt_product_type=Wand
/products/magic-wand-rechargeable
javascript:void(0)
/products/womanizer-premium-2-black
/collections/all?pf_pt_product_type=Air+Pulsator
/products/womanizer-premium-2-black
javascript:void(0)
/products/wevibe-touch-x-coral
/collections/all?pf_pt_product_type=Bullet
/products/wevibe-touch-x-coral
javascript:void(0)
/products/wevibe-vector-blk
/collections/all?pf_pt_product_type=Prostate+Stimulator
/products/wevibe-vector-blk
javascript:void(0)
/products/arcwave-ion
/collections/all?pf_pt_product_type=Stroker
/products/arcwave-ion
javascript:void(0)
/products/lovers-water-based-lube
/collections/all?pf_pt_product_type=Water+Based+Lubricant
/products/lovers-water-based-lube
javascript:void(0)
/products/lovers-joy-stick-thruster-vibrator
/collections/all?pf_pt_product_type=Thruster
/products/lovers-joy-stick-thruster-vibrator
javascript:void(0)
/products/snail-vibe-curve-vibrator
/collections/all?pf_pt_product_type=Rabbit
/products/snail-vibe-curve-vibrator
javascript:void(0)
/products/lovers-wild-bronco-prostate
/collections/all?pf_pt_product_type=Prostate+Stimulator
/products/lovers-wild-bronco-prostate
javascript:void(0)
/products/sex-chocolates
/collections/all?pf_pt_product_type=Sensitizer
/products/sex-chocolates
javascript:void(0)
/products/liberator-black-label-wedge
/collections/all?pf_pt_product_type=Sex+Furniture
/products/liberator-black-label-wedge
javascript:void(0)
/products/ev-bunny-buddy-dual-vibe-blue
/collections/all?pf_pt_product_type=Rabbit
/products/ev-bunny-buddy-dual-vibe-blue
javascript:void(0)
/products/lovers-anal-plug-training-set
/collections/all?pf_pt_product_type=Butt+Plug
/products/lovers-anal-plug-training-set
javascript:void(0)
/products/inya-rose-recharge-vibe
/collections/all?pf_pt_product_type=Air+Pulsator
/products/inya-rose-recharge-vibe
javascript:void(0)
/products/the-male-rose-pro-stroker
/collections/all?pf_pt_product_type=Stroker
/products/the-male-rose-pro-stroker
javascript:void(0)
/products/we-vibe-chorus
/collections/all?pf_pt_product_type=Couples+Vibrator
/products/we-vibe-chorus
javascript:void(0)
/collections/lingerie
/blogs/blog
/blogs/blog/accessible-sex-toys-for-disabled-people
/blogs/blog/accessible-sex-toys-for-disabled-people
mailto:CS@Loversstores.com
/pages/contact-us
/pages/privacy-policy
https://loversstores.com/pages/ca-privacy
/policies/terms-of-service
https://loversstores.com/pages/sms-terms
/pages/accessibility
/pages/do-not-sell-or-share-my-personal-information
/pages/warranty
/pages/lovers-retail-stores
https://locations.loversstores.com/
/pages/rewards
https://loversstores.com/pages/faq
https://loversstores.com/blogs/blog/the-lovers-glossary
/collections/sex-toys
/collections/see-whats-new
https://loversstores.com/blogs/blog/tagged/education
/pages/offer-details
/blogs/blog/orgasms-101
http://loversstores.com
https://loversstores.com/pages/lovers-careers
https://loversstores.com/pages/about-us
https://www.facebook.com/shoploversstores
https://twitter.com/LoversStores
https://instagram.com/loversstores
https://www.youtube.com/channel/UCKyQhL802XZFM4do8g4FT7Q
/
https://www.shopify.com?utm_campaign=poweredby&utm_medium=shopify&utm_source=onlinestore
https://loversstores.com/pages/privacy-policy#informationcollected
https://loversstores.com/pages/privacy-policy
javascript:void(0);
/cart
/cart
** img
//loversstores.com/cdn/shop/files/Desktop_-_20__Off_Glass_Toys_1300x875.progressive.jpg?v=1719524199
//loversstores.com/cdn/shop/files/Mobile-_20__Off_Glass_Toys_1300x875.progressive.jpg?v=1719524215
//loversstores.com/cdn/shop/files/Brands_you_Love-Desktop_1300x875.progressive.jpg?v=1721676162
//loversstores.com/cdn/shop/files/Brands_you_Love-Mobile_1300x875.progressive.jpg?v=1721676182
//loversstores.com/cdn/shop/files/Desktop_-_Let_s_Get_Wet_1300x875.progressive.jpg?v=1719524143
//loversstores.com/cdn/shop/files/Mobile-_Let_s_Get_Wet_1300x875.progressive.jpg?v=1719524155
//loversstores.com/cdn/shop/files/Desktop_-_20__Off_Glass_Toys_1300x875.progressive.jpg?v=1719524199
//loversstores.com/cdn/shop/files/Mobile-_20__Off_Glass_Toys_1300x875.progressive.jpg?v=1719524215
//loversstores.com/cdn/shop/files/Brands_you_Love-Desktop_1300x875.progressive.jpg?v=1721676162
//loversstores.com/cdn/shop/files/Brands_you_Love-Mobile_1300x875.progressive.jpg?v=1721676182
//loversstores.com/cdn/shop/files/SVAKOM_Aylin_Pulsating_Rabbit_Vibrator_{width}x.jpg?v=1718313139
//loversstores.com/cdn/shop/files/Dream_Toys_Startroopers_Milky_Way_Vibrating_Anal_Training_Kit_Angle_{width}x.jpg?v=1720559945
//loversstores.com/cdn/shop/files/b_Vibe_Butties_Bounce_Beaded_Anal_Plug_{width}x.jpg?v=1720642471
//loversstores.com/cdn/shop/files/b_Vibe_Rocker_Weighted_Prostate_Plug_{width}x.jpg?v=1720728535
//loversstores.com/cdn/shop/files/b_Vibe_Stainless_Steel_Anal_Beads_Side_{width}x.jpg?v=1720731135
//loversstores.com/cdn/shop/files/b_Vibe_Butties_Hither_Prostate_Plug_{width}x.jpg?v=1720725535
//loversstores.com/cdn/shop/files/b_Vibe_Butties_Bulb_Prostate_Plug_{width}x.jpg?v=1720726586
//loversstores.com/cdn/shop/files/b_Vibe_Stainless_Steel_Prostate_Training_Set_{width}x.jpg?v=1720729802
//loversstores.com/cdn/shop/files/Cal_Exotics_Cheeky_Gems_Silicone_Anal_Training_Set_{width}x.jpg?v=1720557608
//loversstores.com/cdn/shop/files/Cal_Exotics_Cheeky_Medium_Swirl_Tie_Dye_Butt_Plug_Angle_{width}x.jpg?v=1720558715
//loversstores.com/cdn/shop/files/SVAKOM_Aylin_Pulsating_Rabbit_Vibrator_{width}x.jpg?v=1718313139
//loversstores.com/cdn/shop/files/Zero_Tolerance_Stroking_Buddy_Thrusting_Stroker_Front_{width}x.jpg?v=1718316171
//loversstores.com/cdn/shop/files/Cal_Exotics_Silicone_Prostate_Kit_{width}x.jpg?v=1718314401
//loversstores.com/cdn/shop/products/Liberator_Black_Label_Wedge_{width}x.jpg?v=1677533803
//loversstores.com/cdn/shop/files/Evolved_Bunny_Buddy_Dual_Action_Vibrator_{width}x.jpg?v=1688666816
//loversstores.com/cdn/shop/files/Lovers_Anal_Plug_Training_Set_OAL_{width}x.jpg?v=1690310490
//loversstores.com/cdn/shop/products/Inya_Rose_Vibrating_Air_Pulsator_{width}x.jpg?v=1675805559
//loversstores.com/cdn/shop/files/The_Male_Rose_Pro_Stroker_Angle_OAL_{width}x.jpg?v=1716928494
//loversstores.com/cdn/shop/products/We_Vibe_Chorus_Couples_Vibrator_Dark_Purple_{width}x.jpg?v=1675454213
//loversstores.com/cdn/shop/products/SnailVibe-750x750_{width}x.jpg?v=1689716432
//loversstores.com/cdn/shop/files/SVAKOM_Sam_Neo_Automated_Suction_Stroker_{width}x.jpg?v=1683063353
//loversstores.com/cdn/shop/files/Rechargeable_Magic_Wand_{width}x.jpg?v=1688675975
//loversstores.com/cdn/shop/files/Womanizer_Premium_2.0_Angle_{width}x.jpg?v=1720739102
//loversstores.com/cdn/shop/products/We_Vibe_Touch_X_Front_{width}x.jpg?v=1675451276
//loversstores.com/cdn/shop/products/We_Vibe_Vector_Plus_{width}x.jpg?v=1666214653
//loversstores.com/cdn/shop/products/arc_amazon_gallery_ion_frei_1_{width}x.png?v=1616082901
//loversstores.com/cdn/shop/files/Lovers_Water_Based_Lube_OAL_{width}x.jpg?v=1690311461
//loversstores.com/cdn/shop/files/Lovers_Joy_Stick_Thruster_Vibrator_OAL_{width}x.jpg?v=1690310405
//loversstores.com/cdn/shop/files/Snail_Vibe_Curve_Vibrator_{width}x.jpg?v=1692661372
//loversstores.com/cdn/shop/files/Lovers_Wild_Bronco_Remote_Control_Prostate_Massager_OAL_{width}x.jpg?v=1690310591
//loversstores.com/cdn/shop/products/1PKSEXCHOCOLATE_{width}x.jpg?v=1627742529
//loversstores.com/cdn/shop/products/Liberator_Black_Label_Wedge_{width}x.jpg?v=1677533803
//loversstores.com/cdn/shop/files/Evolved_Bunny_Buddy_Dual_Action_Vibrator_{width}x.jpg?v=1688666816
//loversstores.com/cdn/shop/files/Lovers_Anal_Plug_Training_Set_OAL_{width}x.jpg?v=1690310490
//loversstores.com/cdn/shop/products/Inya_Rose_Vibrating_Air_Pulsator_{width}x.jpg?v=1675805559
//loversstores.com/cdn/shop/files/The_Male_Rose_Pro_Stroker_Angle_OAL_{width}x.jpg?v=1716928494
//loversstores.com/cdn/shop/products/We_Vibe_Chorus_Couples_Vibrator_Dark_Purple_{width}x.jpg?v=1675454213
** img
//loversstores.com/cdn/shop/files/Desktop_-_20__Off_Glass_Toys.progressive.jpg?v=1719524199 650w, //loversstores.com/cdn/shop/files/Desktop_-_20__Off_Glass_Toys.progressive.jpg?v=1719524199 1300w
//loversstores.com/cdn/shop/files/Mobile-_20__Off_Glass_Toys.progressive.jpg?v=1719524215 650w, //loversstores.com/cdn/shop/files/Mobile-_20__Off_Glass_Toys.progressive.jpg?v=1719524215 1300w
//loversstores.com/cdn/shop/files/Brands_you_Love-Desktop.progressive.jpg?v=1721676162 650w, //loversstores.com/cdn/shop/files/Brands_you_Love-Desktop.progressive.jpg?v=1721676162 1300w
//loversstores.com/cdn/shop/files/Brands_you_Love-Mobile.progressive.jpg?v=1721676182 650w, //loversstores.com/cdn/shop/files/Brands_you_Love-Mobile.progressive.jpg?v=1721676182 1300w
//loversstores.com/cdn/shop/files/Desktop_-_Let_s_Get_Wet.progressive.jpg?v=1719524143 650w, //loversstores.com/cdn/shop/files/Desktop_-_Let_s_Get_Wet.progressive.jpg?v=1719524143 1300w
//loversstores.com/cdn/shop/files/Mobile-_Let_s_Get_Wet.progressive.jpg?v=1719524155 650w, //loversstores.com/cdn/shop/files/Mobile-_Let_s_Get_Wet.progressive.jpg?v=1719524155 1300w
//loversstores.com/cdn/shop/files/Desktop_-_20__Off_Glass_Toys.progressive.jpg?v=1719524199 650w, //loversstores.com/cdn/shop/files/Desktop_-_20__Off_Glass_Toys.progressive.jpg?v=1719524199 1300w
//loversstores.com/cdn/shop/files/Mobile-_20__Off_Glass_Toys.progressive.jpg?v=1719524215 650w, //loversstores.com/cdn/shop/files/Mobile-_20__Off_Glass_Toys.progressive.jpg?v=1719524215 1300w
//loversstores.com/cdn/shop/files/Brands_you_Love-Desktop.progressive.jpg?v=1721676162 650w, //loversstores.com/cdn/shop/files/Brands_you_Love-Desktop.progressive.jpg?v=1721676162 1300w
//loversstores.com/cdn/shop/files/Brands_you_Love-Mobile.progressive.jpg?v=1721676182 650w, //loversstores.com/cdn/shop/files/Brands_you_Love-Mobile.progressive.jpg?v=1721676182 1300w
//loversstores.com/cdn/shop/files/Zero_Tolerance_Stroking_Buddy_Thrusting_Stroker_Front_600x.jpg?v=1718316171 600w
//loversstores.com/cdn/shop/files/Cal_Exotics_Silicone_Prostate_Kit_600x.jpg?v=1718314401 600w
//loversstores.com/cdn/shop/files/SVAKOM_Sam_Neo_2_Masturbator_600x.jpg?v=1721086613 600w
//loversstores.com/cdn/shop/files/Aneros_Psy_Adjustable_Prostate_Stimulator_600x.jpg?v=1721163700 600w
//loversstores.com/cdn/shop/files/Aneros_MGX_Syn_Trident_Prostate_Massager_600x.jpg?v=1721240372 600w
//loversstores.com/cdn/shop/files/Aneros_Helix_Syn_Trident_Prostate_Massager_600x.jpg?v=1721238668 600w
//loversstores.com/cdn/shop/files/Dream_Toys_Startroopers_Voyager_Remote_Controlled_Beaded_Prostate_Massager_600x.jpg?v=1721244296 600w
//loversstores.com/cdn/shop/files/Startroopers_Atomic_Remote_Controlled_Prostate_Massager_600x.jpg?v=1721242497 600w
//loversstores.com/cdn/shop/files/SVAKOM_Sam_Neo_2_Masturbator_600x.jpg?v=1721086613 600w
//loversstores.com/cdn/shop/files/Aneros_Psy_Adjustable_Prostate_Stimulator_600x.jpg?v=1721163700 600w
//loversstores.com/cdn/shop/files/Aneros_MGX_Syn_Trident_Prostate_Massager_600x.jpg?v=1721240372 600w
** form
/search
/localization
** meta
text/html
width=device-width, initial-scale=1.0, height=device-height, minimum-scale=1.0, user-scalable=0
#000000
MQ0TfpTeOpH1djvE9rtdIVuOndocJFsZJKfTEDh9A1o
Lovers is your trusted adult health and wellness shop. Find the right products for you or your partner.
website
Lovers Stores: Buy Sex Toys, Lingerie, Adult Wellness Products
Lovers is your trusted adult health and wellness shop. Find the right products for you or your partner.
https://loversstores.com/
loversstores.com
summary
Lovers Stores: Buy Sex Toys, Lingerie, Adult Wellness Products
Lovers is your trusted adult health and wellness shop. Find the right products for you or your partner.
LC0bRfGRmggajV3jSYYUXAtJZS-Wmg4xvG8wZx_h3ns
/27985313927/digital_wallets/dialog
b073bccb99d73cb9dd8c459aa619ee60
no-store
0
Tue, 01 Jan 1980 1:00:00 GMT
no-cache
https://cdn.shopify.com/s/files/1/0279/8531/3927/files/Mark-Shopify.jpg?v=1635379828
https://cdn.shopify.com/s/files/1/0279/8531/3927/files/Mark-Shopify.jpg?v=1635379828
1200
628
